Microsemi Libero Software
Version: 11.9.6.7
Release: v11.9 SP6

'IDE_DESIGNERVIEW_ROOTDIR' set to
'C:\Users\aamar\Documents\SeniorSem2\4806-MDE\FullSystem\FullSystem\designer'
Info: The design fullsystem_top.adb was last modified by software version 11.9.6.7.
Opened an existing Libero design fullsystem_top.adb.

The Execute Script command succeeded ( 00:00:23 )
Checking for software updates...
Info: The software cannot reach the Microsemi SoC server to confirm the version you are running.
      Visit
      http://www.microsemi.com/products/fpga-soc/design-resources/design-software/libero-soc#do\
      wnloads to download the latest major release or service pack.
      You can check the version of your current installation by starting the tool and selecting
      Help -> About.
Design saved to file
C:\Users\aamar\Documents\SeniorSem2\4806-MDE\FullSystem\FullSystem\designer\impl1\fullsystem_to\
p.adb.
Wrote pin report to file:
C:\Users\aamar\Documents\SeniorSem2\4806-MDE\FullSystem\FullSystem\designer\impl1\fullsystem_to\
p_report_pin_byname.txt

The Report command succeeded ( 00:00:02 )
Wrote pin report to file:
C:\Users\aamar\Documents\SeniorSem2\4806-MDE\FullSystem\FullSystem\designer\impl1\fullsystem_to\
p_report_pin_bynumber.txt

The Report command succeeded ( 00:00:01 )

The Execute Script command succeeded ( 00:00:03 )
Design closed.

