C:\Microsemi\Libero_SoC_v11.9\SynplifyPro\bin64\c_hdl.exe  -osyn  C:\Users\aamar\Documents\SeniorSem2\4806-MDE\FullSystem\FullSystem\synthesis\synwork\fullsystem_top_comp.srs  -top  fullsystem_top  -hdllog  C:\Users\aamar\Documents\SeniorSem2\4806-MDE\FullSystem\FullSystem\synthesis\synlog\fullsystem_top_compiler.srr  -encrypt  -mp  4  -verification_mode 0  -verilog  -prodtype  synplify_pro  -nram -fixsmult -divnmod   -I C:\Users\aamar\Documents\SeniorSem2\4806-MDE\FullSystem\FullSystem\synthesis\  -I C:\Microsemi\Libero_SoC_v11.9\SynplifyPro\lib   -v2001  -devicelib  C:\Microsemi\Libero_SoC_v11.9\SynplifyPro\lib\proasic\proasic3e.v  -encrypt  -pro  -dmgen  C:\Users\aamar\Documents\SeniorSem2\4806-MDE\FullSystem\FullSystem\synthesis\dm  -ui -fid2 -ram -sharing on -ll 2000 -autosm  -lib work C:\Users\aamar\Documents\SeniorSem2\4806-MDE\FullSystem\FullSystem\hdl\bridge_fsm.v -lib work C:\Users\aamar\Documents\SeniorSem2\4806-MDE\FullSystem\FullSystem\hdl\adc_preprocess_4ch.v -lib work C:\Users\aamar\Documents\SeniorSem2\4806-MDE\FullSystem\FullSystem\hdl\cfd_delay_line_ram.v -lib work C:\Users\aamar\Documents\SeniorSem2\4806-MDE\FullSystem\FullSystem\smartgen\mult_16x14_3p\mult_16x14_3p.v -lib work C:\Users\aamar\Documents\SeniorSem2\4806-MDE\FullSystem\FullSystem\hdl\cfd_channel_frontend.v -lib work C:\Users\aamar\Documents\SeniorSem2\4806-MDE\FullSystem\FullSystem\hdl\serial_frac_div.v -lib work C:\Users\aamar\Documents\SeniorSem2\4806-MDE\FullSystem\FullSystem\hdl\cfd_4ch.v -lib work C:\Users\aamar\Documents\SeniorSem2\4806-MDE\FullSystem\FullSystem\hdl\event_builder.v -lib work C:\Users\aamar\Documents\SeniorSem2\4806-MDE\FullSystem\FullSystem\hdl\peak_detector_4ch.v -lib work C:\Users\aamar\Documents\SeniorSem2\4806-MDE\FullSystem\FullSystem\hdl\position_calculator.v -lib work C:\Users\aamar\Documents\SeniorSem2\4806-MDE\FullSystem\FullSystem\hdl\dsp_pipeline.v -lib work C:\Users\aamar\Documents\SeniorSem2\4806-MDE\FullSystem\FullSystem\hdl\event_buffer.v -lib work C:\Users\aamar\Documents\SeniorSem2\4806-MDE\FullSystem\FullSystem\hdl\uart_rx.v -lib work C:\Users\aamar\Documents\SeniorSem2\4806-MDE\FullSystem\FullSystem\hdl\uart_tx.v -lib work C:\Users\aamar\Documents\SeniorSem2\4806-MDE\FullSystem\FullSystem\hdl\host_uart.v -lib work C:\Users\aamar\Documents\SeniorSem2\4806-MDE\FullSystem\FullSystem\hdl\mux_gain_test.v -lib work C:\Users\aamar\Documents\SeniorSem2\4806-MDE\FullSystem\FullSystem\hdl\pattern_gen.v -lib work C:\Users\aamar\Documents\SeniorSem2\4806-MDE\FullSystem\FullSystem\hdl\pulse_extender.v -lib work C:\Users\aamar\Documents\SeniorSem2\4806-MDE\FullSystem\FullSystem\hdl\timestamp_generator.v -lib work C:\Users\aamar\Documents\SeniorSem2\4806-MDE\FullSystem\FullSystem\hdl\uart_config_fsm.v -lib work C:\Users\aamar\Documents\SeniorSem2\4806-MDE\FullSystem\FullSystem\hdl\uart_packet_parser.v -lib work C:\Users\aamar\Documents\SeniorSem2\4806-MDE\FullSystem\FullSystem\hdl\fullsystem_top.v 
relcom:..\..\..\..\..\..\..\..\..\Microsemi\Libero_SoC_v11.9\SynplifyPro\bin64\c_hdl.exe -osyn ..\synwork\fullsystem_top_comp.srs -top fullsystem_top -hdllog ..\synlog\fullsystem_top_compiler.srr -encrypt -mp 4 -verification_mode 0 -verilog -prodtype synplify_pro -nram -fixsmult -divnmod -I ..\ -I ..\..\..\..\..\..\..\..\..\Microsemi\Libero_SoC_v11.9\SynplifyPro\lib -v2001 -devicelib ..\..\..\..\..\..\..\..\..\Microsemi\Libero_SoC_v11.9\SynplifyPro\lib\proasic\proasic3e.v -encrypt -pro -dmgen ..\dm -ui -fid2 -ram -sharing on -ll 2000 -autosm -lib work ..\..\hdl\bridge_fsm.v -lib work ..\..\hdl\adc_preprocess_4ch.v -lib work ..\..\hdl\cfd_delay_line_ram.v -lib work ..\..\smartgen\mult_16x14_3p\mult_16x14_3p.v -lib work ..\..\hdl\cfd_channel_frontend.v -lib work ..\..\hdl\serial_frac_div.v -lib work ..\..\hdl\cfd_4ch.v -lib work ..\..\hdl\event_builder.v -lib work ..\..\hdl\peak_detector_4ch.v -lib work ..\..\hdl\position_calculator.v -lib work ..\..\hdl\dsp_pipeline.v -lib work ..\..\hdl\event_buffer.v -lib work ..\..\hdl\uart_rx.v -lib work ..\..\hdl\uart_tx.v -lib work ..\..\hdl\host_uart.v -lib work ..\..\hdl\mux_gain_test.v -lib work ..\..\hdl\pattern_gen.v -lib work ..\..\hdl\pulse_extender.v -lib work ..\..\hdl\timestamp_generator.v -lib work ..\..\hdl\uart_config_fsm.v -lib work ..\..\hdl\uart_packet_parser.v -lib work ..\..\hdl\fullsystem_top.v
rc:0 success:1 runtime:3
file:..\synwork\fullsystem_top_comp.srs|io:o|time:1777758631|size:115763|exec:0|csum:
file:..\synlog\fullsystem_top_compiler.srr|io:o|time:1777758631|size:1212476|exec:0|csum:
file:..\..\..\..\..\..\..\..\..\Microsemi\Libero_SoC_v11.9\SynplifyPro\lib\proasic\proasic3e.v|io:i|time:1509031088|size:55760|exec:0|csum:64AE7C3A692FB1B8DBD4D43CE4BE7E9F
file:..\..\hdl\bridge_fsm.v|io:i|time:1777758359|size:4620|exec:0|csum:C96176A1B7CA0B42C1AC1AC1DCDC2A5B
file:..\..\hdl\adc_preprocess_4ch.v|io:i|time:1777758359|size:8458|exec:0|csum:26BED034B59A2569EF00CFCFAF1955B5
file:..\..\hdl\cfd_delay_line_ram.v|io:i|time:1777758359|size:1557|exec:0|csum:BB03B365F8884C026499917EC793FC32
file:..\..\smartgen\mult_16x14_3p\mult_16x14_3p.v|io:i|time:1777758614|size:106669|exec:0|csum:7C036F0329D7D3A55D433E02E329299E
file:..\..\hdl\cfd_channel_frontend.v|io:i|time:1777758359|size:11791|exec:0|csum:2976F85203ABAAE7BF07A73A2BB86982
file:..\..\hdl\serial_frac_div.v|io:i|time:1777758359|size:3199|exec:0|csum:71A0F4F5E27E1CA410F1E12D1A604C79
file:..\..\hdl\cfd_4ch.v|io:i|time:1777758359|size:12857|exec:0|csum:B5B6E92D7FB39EC478FD1C1B5264B500
file:..\..\hdl\event_builder.v|io:i|time:1777758359|size:11692|exec:0|csum:3094F9C56C57B186F350DB31B9EE2B3D
file:..\..\hdl\peak_detector_4ch.v|io:i|time:1777758359|size:5707|exec:0|csum:674F24A343EF8EC435F2DE411CD94BB2
file:..\..\hdl\position_calculator.v|io:i|time:1777758359|size:8984|exec:0|csum:B6B51C2B5D660DB7E37D1E8CBAB8D2DC
file:..\..\hdl\dsp_pipeline.v|io:i|time:1777758359|size:9024|exec:0|csum:A00E3E3E1778B63834192804365AFBE1
file:..\..\hdl\event_buffer.v|io:i|time:1777758359|size:5681|exec:0|csum:08421908E2883CEFA021A3EA38692359
file:..\..\hdl\uart_rx.v|io:i|time:1777758359|size:6099|exec:0|csum:4790924BC65FE3D6AFBAD56EFC157FFB
file:..\..\hdl\uart_tx.v|io:i|time:1777758359|size:4020|exec:0|csum:6A2853B22ACCD39950AEEDB89EB3C6FD
file:..\..\hdl\host_uart.v|io:i|time:1777758359|size:7983|exec:0|csum:869440C923CDD8D2ECD7BDB9021ED047
file:..\..\hdl\mux_gain_test.v|io:i|time:1777758359|size:2113|exec:0|csum:7803078D2DF3BFF751870C0283F872F2
file:..\..\hdl\pattern_gen.v|io:i|time:1777758359|size:13722|exec:0|csum:035C18F1F18247E01B219BE298D71AC2
file:..\..\hdl\pulse_extender.v|io:i|time:1777758359|size:1867|exec:0|csum:B86CFE4BBE806EAA25C3B80F1B0D31C2
file:..\..\hdl\timestamp_generator.v|io:i|time:1777758359|size:3470|exec:0|csum:1A0A70F2BB41C1B866EF6B60729FE642
file:..\..\hdl\uart_config_fsm.v|io:i|time:1777758359|size:4788|exec:0|csum:9925587B33D392BAD3106524F677CADF
file:..\..\hdl\uart_packet_parser.v|io:i|time:1777758359|size:7425|exec:0|csum:44F552E50B1BE82EC90F0A1E713A4DD0
file:..\..\hdl\fullsystem_top.v|io:i|time:1777758359|size:14712|exec:0|csum:8D28E36FB93C6BFB3817308D89E96C1C
file:..\..\..\..\..\..\..\..\..\Microsemi\Libero_SoC_v11.9\SynplifyPro\bin\c_hdl.exe|io:i|time:1509033316|size:1338368|exec:1|csum:4BE9471CC8F1F34D3F79DD6F3C07C7F5
file:..\..\..\..\..\..\..\..\..\Microsemi\Libero_SoC_v11.9\SynplifyPro\bin64\c_hdl.exe|io:i|time:1509033524|size:1754112|exec:1|csum:0724D6BF71D325162DC071CC1383571C
