Microsemi Libero Software
Version: 11.9.6.7
Release: v11.9 SP6

Created a new design.
'BA_NAME' set to 'clk_ba'
'IDE_DESIGNERVIEW_NAME' set to 'Impl1'
'IDE_DESIGNERVIEW_COUNT' set to '1'
'IDE_DESIGNERVIEW_REV0' set to 'Impl1'
'IDE_DESIGNERVIEW_REVNUM0' set to '1'
'IDE_DESIGNERVIEW_ROOTDIR' set to
'C:\Users\zackp\OneDrive\Documents\ECE_4806\Libero\ethernet_module\designer'
'IDE_DESIGNERVIEW_LASTREV' set to '1'
'DESDIR' set to
'C:/Users/zackp/OneDrive/Documents/ECE_4806/Libero/ethernet_module/designer/impl1'
'BA_DIR' set to
'C:/Users/zackp/OneDrive/Documents/ECE_4806/Libero/ethernet_module/designer/impl1'
'BA_NETLIST_ALSO' set to '1'
'EDNINFLAVOR' set to 'GENERIC'
'NETLIST_NAMING_STYLE' set to 'VERILOG'
'EXPORT_STATUS_REPORT' set to '1'
'EXPORT_STATUS_REPORT_FILENAME' set to 'clk.rpt'
'AUDIT_NETLIST_FILE' set to '1'
'AUDIT_DCF_FILE' set to '1'
'AUDIT_PIN_FILE' set to '1'
'AUDIT_ADL_FILE' set to '1'

 Netlist Reading Time = 0.0 seconds
Imported the file:
   C:\Users\zackp\OneDrive\Documents\ECE_4806\Libero\ethernet_module\synthesis\clk.edn

The Import command succeeded ( 00:00:01 )
Design saved to file clk.adb.
=====================================================================
Parameters used to run compile:
===============================

Family      : ProASIC3E
Device      : A3PE1500
Package     : 484 FBGA
Source      :
C:\Users\zackp\OneDrive\Documents\ECE_4806\Libero\ethernet_module\synthesis\clk.edn
Format      : EDIF
Topcell     : clk
Speed grade : -1
Temp        : -40:25:85
Voltage     : 1.58:1.50:1.42

Keep Existing Physical Constraints : No
Keep Existing Timing Constraints   : Yes

pdc_abort_on_error                 : Yes
pdc_eco_display_unmatched_objects  : No
pdc_eco_max_warnings               : 10000

demote_globals                     : No
promote_globals                    : No
localclock_max_shared_instances    : 12
localclock_buffer_tree_max_fanout  : 12

combine_register                   : No
delete_buffer_tree                 : No

report_high_fanout_nets_limit      : 10

=====================================================================
Compile starts ...

Warning: CMP201: Net Core_GLB drives no load.
Warning: CMP201: Net Core_YB drives no load.
Warning: CMP201: Net Core_GLC drives no load.
Warning: CMP201: Net Core_YC drives no load.

Netlist Optimization Report
===========================

Optimized macros:
  - Dangling net drivers:   0
  - Buffers:                0
  - Inverters:              0
  - Tieoff:                 0
  - Logic combining:        0

    Total macros optimized  0

There were 0 error(s) and 4 warning(s) in this design.
=====================================================================
Compile report:
===============

    CORE                       Used:      0  Total:  38400   (0.00%)
    IO (W/ clocks)             Used:      4  Total:    280   (1.43%)
    Differential IO            Used:      0  Total:    139   (0.00%)
    GLOBAL (Chip+Quadrant)     Used:      1  Total:     18   (5.56%)
    PLL                        Used:      1  Total:      6   (16.67%)
    RAM/FIFO                   Used:      0  Total:     60   (0.00%)
    Low Static ICC             Used:      0  Total:      1   (0.00%)
    FlashROM                   Used:      0  Total:      1   (0.00%)
    User JTAG                  Used:      0  Total:      1   (0.00%)

Global Information:

    Type            | Used   | Total
    ----------------|--------|--------------
    Chip global     | 1      | 6  (16.67%)*
    Quadrant global | 0      | 12 (0.00%)

    (*) Chip globals may be assigned to Quadrant globals using the Multi-View Navigator (MVN)
        or Physical Design Constraints (PDC).
        They may also be assigned to Quadrant globals automatically during Layout.

Core Information:

    Type    | Instances    | Core tiles
    --------|--------------|-----------
    COMB    | 0            | 0
    SEQ     | 0            | 0

I/O Function:

    Type                                  | w/o register  | w/ register  | w/ DDR register
    --------------------------------------|---------------|--------------|----------------
    Input I/O                             | 2             | 0            | 0
    Output I/O                            | 2             | 0            | 0
    Bidirectional I/O                     | 0             | 0            | 0
    Differential Input I/O Pairs          | 0             | 0            | 0
    Differential Output I/O Pairs         | 0             | 0            | 0

I/O Technology:

                                    |   Voltages    |             I/Os
    --------------------------------|-------|-------|-------|--------|--------------
    I/O Standard(s)                 | Vcci  | Vref  | Input | Output | Bidirectional
    --------------------------------|-------|-------|-------|--------|--------------
    LVTTL                           | 3.30v | N/A   | 2     | 2      | 0

I/O Placement:

    Locked  :   0
    Placed  :   0
    UnPlaced:   4 ( 100.00% )

Net information report:
=======================

The following nets have been assigned to a chip global resource:
    Fanout  Type          Name
    --------------------------
    1       INT_NET       Net   : GLA_c
                          Driver: Core
                          Source: ESSENTIAL

High fanout nets in the post compile netlist:
    Fanout  Type          Name
    --------------------------
    1       INT_NET       Net   : POWERDOWN_c
                          Driver: POWERDOWN_pad
    1       INT_NET       Net   : LOCK_c
                          Driver: Core

Nets that are candidates for clock assignment and the resulting fanout:
    Fanout  Type          Name
    --------------------------
    1       INT_NET       Net   : POWERDOWN_c
                          Driver: POWERDOWN_pad
    1       INT_NET       Net   : LOCK_c
                          Driver: Core

The Compile command succeeded ( 00:00:01 )
Wrote status report to file: clk_compile_report.txt

The Report command succeeded ( 00:00:00 )
Wrote pin report to file: clk_report_pin_byname.txt

The Report command succeeded ( 00:00:00 )
Wrote pin report to file: clk_report_pin_bynumber.txt

The Report command succeeded ( 00:00:01 )
Design saved to file
C:\Users\zackp\OneDrive\Documents\ECE_4806\Libero\ethernet_module\designer\impl1\clk.adb.

The Execute Script command succeeded ( 00:00:04 )
Design closed.

