Target Part: A3PE1500_PQFP208_STD
Report for cell fullsystem_top.verilog
  Core Cell usage:
              cell count     area count*area
              AND2  1196      1.0     1196.0
             AND2A    57      1.0       57.0
              AND3   265      1.0      265.0
               AO1  1057      1.0     1057.0
              AO13   104      1.0      104.0
              AO16    72      1.0       72.0
              AO18     1      1.0        1.0
              AO1A    51      1.0       51.0
              AO1B    43      1.0       43.0
              AO1C    72      1.0       72.0
              AO1D    69      1.0       69.0
              AOI1    65      1.0       65.0
             AOI1A    98      1.0       98.0
             AOI1B    12      1.0       12.0
               AX1    52      1.0       52.0
              AX1A    28      1.0       28.0
              AX1B    36      1.0       36.0
              AX1C    33      1.0       33.0
              AX1D    95      1.0       95.0
              AX1E    10      1.0       10.0
             AXOI1     4      1.0        4.0
             AXOI4     5      1.0        5.0
              BUFF   470      1.0      470.0
            CLKINT     5      0.0        0.0
               GND    38      0.0        0.0
               INV    25      1.0       25.0
              MAJ3   386      1.0      386.0
               MX2  2177      1.0     2177.0
              MX2A    16      1.0       16.0
              MX2B    64      1.0       64.0
              MX2C   128      1.0      128.0
              NOR2   158      1.0      158.0
             NOR2A   683      1.0      683.0
             NOR2B  1036      1.0     1036.0
              NOR3    75      1.0       75.0
             NOR3A   157      1.0      157.0
             NOR3B   149      1.0      149.0
             NOR3C   271      1.0      271.0
               OA1   122      1.0      122.0
              OA1A   117      1.0      117.0
              OA1B    81      1.0       81.0
              OA1C    97      1.0       97.0
              OAI1     4      1.0        4.0
               OR2   278      1.0      278.0
              OR2A   406      1.0      406.0
              OR2B    27      1.0       27.0
               OR3   229      1.0      229.0
              OR3A     3      1.0        3.0
              OR3B    12      1.0       12.0
              OR3C    23      1.0       23.0
               VCC    38      0.0        0.0
               XA1    28      1.0       28.0
              XA1A    56      1.0       56.0
              XA1B   112      1.0      112.0
              XA1C    50      1.0       50.0
              XAI1     3      1.0        3.0
             XNOR2   495      1.0      495.0
             XNOR3    70      1.0       70.0
               XO1    35      1.0       35.0
              XO1A     6      1.0        6.0
              XOR2  1927      1.0     1927.0
              XOR3   400      1.0      400.0


              DFN1  1619      1.0     1619.0
            DFN1C1   789      1.0      789.0
          DFN1E0C1   516      1.0      516.0
          DFN1E0P1     5      1.0        5.0
            DFN1E1   902      1.0      902.0
          DFN1E1C1  3811      1.0     3811.0
          DFN1E1P1    10      1.0       10.0
            DFN1P1    28      1.0       28.0
            RAM4K9    12      0.0        0.0
         RAM512X18     4      0.0        0.0
                   -----          ----------
             TOTAL 21578             21481.0


  IO Cell usage:
              cell count
            CLKBUF     1
             INBUF     3
            OUTBUF     9
                   -----
             TOTAL    13


Core Cells         : 21481 of 38400 (56%)
IO Cells           : 13

  RAM/ROM Usage Summary
Block Rams : 16 of 60 (26%)

