 ** Message System Log
 ** Database: 
 ** Date:   Wed Mar 25 15:13:51 2026


****************
Macro Parameters
****************

Name                            : ram_core
Family                          : PA3
Output Format                   : VERILOG
Type                            : RAM
Write Enable                    : Active High
Read Enable                     : Active High
Reset                           : None
LP                              : None
FF                              : None
Read Clock                      : Rising
Write Clock                     : Rising
Write Depth                     : 4096
Write Width                     : 8
Read Depth                      : 4096
Read Width                      : 8
RAM Type                        : Two Port
Clocks                          : Single Read/Write Clock
Write Mode A                    : Hold Data
Write Mode B                    : Hold Data
Read Pipeline A                 : No
Read Pipeline B                 : Yes
Optimized for                   : Speed
Portname DataIn                 : WD
Portname DataOut                : RD
Portname Write En               : WEN
Portname Read En                : REN
Portname WClock                 :
Portname RClock                 :
Portname WAddress               : WADDR
Portname RAddress               : RADDR
Portname Reset                  :
Portname Clock                  : RWCLK
Portname DataAIn                :
Portname DataBIn                :
Portname DataAOut               :
Portname DataBOut               :
Portname AddressA               :
Portname AddressB               :
Portname CLKA                   :
Portname CLKB                   :
Portname RWA                    :
Portname RWB                    :
Portname BLKA                   :
Portname BLKB                   :
Portname LP                     :
Portname FF                     :
Initialize RAM                  : True

Cascade Configuration:
     Write Port configuration   : 4096x1
     Read Port configuration    : 4096x1
     Number of blocks depth wise: 1
     Number of blocks width wise: 8

**************
Compile Report
**************


Netlist Resource Report
=======================

    CORE                       Used:      2  Total:  38400   (0.01%)
    IO (W/ clocks)             Used:      0  Total:    147   (0.00%)
    Differential IO            Used:      0  Total:     65   (0.00%)
    GLOBAL (Chip+Quadrant)     Used:      0  Total:     18   (0.00%)
    PLL                        Used:      0  Total:      2   (0.00%)
    RAM/FIFO                   Used:      8  Total:     60   (13.33%)
    Low Static ICC             Used:      0  Total:      1   (0.00%)
    FlashROM                   Used:      0  Total:      1   (0.00%)
    User JTAG                  Used:      0  Total:      1   (0.00%)

Wrote Verilog netlist to C:/Users/zackp/OneDrive/Documents/ECE_4806/Libero/ethernet_module/smartgen\ram_core\ram_core.v.

 ** Log Ended:   Wed Mar 25 15:13:52 2026

